Using pre-set license
Built from '2022.3/china_unity/release' branch; Version is '2022.3.17f1c1 (a01dafa986ec) revision 10493359'; Using compiler version '192829333'; Build Type 'Release'
OS: 'Windows 10  (10.0.19045) 64bit Professional' Language: 'zh' Physical Memory: 16291 MB
BatchMode: 1, IsHumanControllingUs: 0, StartBugReporterOnCrash: 0, Is64bit: 1, IsPro: 1

COMMAND LINE ARGUMENTS:
E:\2022.3.17f1c1\Editor\Unity.exe
-adb2
-batchMode
-noUpm
-name
AssetImportWorker0
-projectPath
E:/UnityProject/BASF4DCT
-logFile
Logs/AssetImportWorker0.log
-srvPort
61053
Successfully changed project path to: E:/UnityProject/BASF4DCT
E:/UnityProject/BASF4DCT
[UnityMemory] Configuration Parameters - Can be set up in boot.config
    "memorysetup-bucket-allocator-granularity=16"
    "memorysetup-bucket-allocator-bucket-count=8"
    "memorysetup-bucket-allocator-block-size=33554432"
    "memorysetup-bucket-allocator-block-count=8"
    "memorysetup-main-allocator-block-size=16777216"
    "memorysetup-thread-allocator-block-size=16777216"
    "memorysetup-gfx-main-allocator-block-size=16777216"
    "memorysetup-gfx-thread-allocator-block-size=16777216"
    "memorysetup-cache-allocator-block-size=4194304"
    "memorysetup-typetree-allocator-block-size=2097152"
    "memorysetup-profiler-bucket-allocator-granularity=16"
    "memorysetup-profiler-bucket-allocator-bucket-count=8"
    "memorysetup-profiler-bucket-allocator-block-size=33554432"
    "memorysetup-profiler-bucket-allocator-block-count=8"
    "memorysetup-profiler-allocator-block-size=16777216"
    "memorysetup-profiler-editor-allocator-block-size=1048576"
    "memorysetup-temp-allocator-size-main=16777216"
    "memorysetup-job-temp-allocator-block-size=2097152"
    "memorysetup-job-temp-allocator-block-size-background=1048576"
    "memorysetup-job-temp-allocator-reduction-small-platforms=262144"
    "memorysetup-allocator-temp-initial-block-size-main=262144"
    "memorysetup-allocator-temp-initial-block-size-worker=262144"
    "memorysetup-temp-allocator-size-background-worker=32768"
    "memorysetup-temp-allocator-size-job-worker=262144"
    "memorysetup-temp-allocator-size-preload-manager=33554432"
    "memorysetup-temp-allocator-size-nav-mesh-worker=65536"
    "memorysetup-temp-allocator-size-audio-worker=65536"
    "memorysetup-temp-allocator-size-cloud-worker=32768"
    "memorysetup-temp-allocator-size-gi-baking-worker=262144"
    "memorysetup-temp-allocator-size-gfx=262144"
Player connection [10640] Host "[IP] 192.168.106.1 [Port] 0 [Flags] 2 [Guid] 480935838 [EditorId] 480935838 [Version] 1048832 [Id] WindowsEditor(7,LAPTOP-864QCF0Q) [Debug] 1 [PackageName] WindowsEditor [ProjectName] Editor" joined multi-casting on [225.0.0.222:54997]...

Player connection [10640] Host "[IP] 192.168.106.1 [Port] 0 [Flags] 2 [Guid] 480935838 [EditorId] 480935838 [Version] 1048832 [Id] WindowsEditor(7,LAPTOP-864QCF0Q) [Debug] 1 [PackageName] WindowsEditor [ProjectName] Editor" joined alternative multi-casting on [225.0.0.222:34997]...

[Physics::Module] Initialized MultithreadedJobDispatcher with 7 workers.
Refreshing native plugins compatible for Editor in 55.57 ms, found 4 plugins.
Preloading 1 native plugins for Editor in 0.62 ms.
Initialize engine version: 2022.3.17f1c1 (a01dafa986ec)
[Subsystems] Discovering subsystems at path E:/2022.3.17f1c1/Editor/Data/Resources/UnitySubsystems
[Subsystems] Discovering subsystems at path E:/UnityProject/BASF4DCT/Assets
GfxDevice: creating device client; threaded=0; jobified=0
Direct3D:
    Version:  Direct3D 11.0 [level 11.1]
    Renderer: NVIDIA GeForce GTX 1650 (ID=0x1f99)
    Vendor:   NVIDIA
    VRAM:     3962 MB
    Driver:   31.0.15.1700
Initialize mono
Mono path[0] = 'E:/2022.3.17f1c1/Editor/Data/Managed'
Mono path[1] = 'E:/2022.3.17f1c1/Editor/Data/MonoBleedingEdge/lib/mono/unityjit-win32'
Mono config path = 'E:/2022.3.17f1c1/Editor/Data/MonoBleedingEdge/etc'
Using monoOptions --debugger-agent=transport=dt_socket,embedding=1,server=y,suspend=n,address=127.0.0.1:56128
Begin MonoManager ReloadAssembly
Registering precompiled unity dll's ...
Register platform support module: E:/2022.3.17f1c1/Editor/Data/PlaybackEngines/WindowsStandaloneSupport/UnityEditor.WindowsStandalone.Extensions.dll
Registered in 0.010396 seconds.
- Loaded All Assemblies, in  0.623 seconds
Native extension for WindowsStandalone target not found
Mono: successfully reloaded assembly
- Finished resetting the current domain, in  0.408 seconds
Domain Reload Profiling: 1025ms
	BeginReloadAssembly (195ms)
		ExecutionOrderSort (0ms)
		DisableScriptedObjects (0ms)
		BackupInstance (0ms)
		ReleaseScriptingObjects (0ms)
		CreateAndSetChildDomain (1ms)
	RebuildCommonClasses (59ms)
	RebuildNativeTypeToScriptingClass (22ms)
	initialDomainReloadingComplete (98ms)
	LoadAllAssembliesAndSetupDomain (242ms)
		LoadAssemblies (185ms)
		RebuildTransferFunctionScriptingTraits (0ms)
		AnalyzeDomain (238ms)
			TypeCache.Refresh (236ms)
				TypeCache.ScanAssembly (216ms)
			ScanForSourceGeneratedMonoScriptInfo (1ms)
			ResolveRequiredComponents (1ms)
	FinalizeReload (409ms)
		ReleaseScriptCaches (0ms)
		RebuildScriptCaches (0ms)
		SetupLoadedEditorAssemblies (318ms)
			LogAssemblyErrors (0ms)
			InitializePlatformSupportModulesInManaged (11ms)
			SetLoadedEditorAssemblies (9ms)
			RefreshPlugins (0ms)
			BeforeProcessingInitializeOnLoad (2ms)
			ProcessInitializeOnLoadAttributes (226ms)
			ProcessInitializeOnLoadMethodAttributes (69ms)
			AfterProcessingInitializeOnLoad (0ms)
			EditorAssembliesLoaded (0ms)
		ExecutionOrderSort2 (0ms)
		AwakeInstancesAfterBackupRestoration (0ms)
========================================================================
Worker process is ready to serve import requests
Begin MonoManager ReloadAssembly
- Loaded All Assemblies, in  2.775 seconds
Refreshing native plugins compatible for Editor in 39.46 ms, found 4 plugins.
Native extension for WindowsStandalone target not found
Package Manager log level set to [2]
[Package Manager] Server::EnsureServerProcessIsRunning -- launch failed, reason: Unity was launched with the -noUpm command-line argument
[Package Manager] UpmClient::Send -- Unable to send message (not connected to UPM process).
[Package Manager] Cannot connect to Unity Package Manager local server
Mono: successfully reloaded assembly
- Finished resetting the current domain, in  2.487 seconds
Domain Reload Profiling: 5250ms
	BeginReloadAssembly (655ms)
		ExecutionOrderSort (0ms)
		DisableScriptedObjects (9ms)
		BackupInstance (0ms)
		ReleaseScriptingObjects (0ms)
		CreateAndSetChildDomain (157ms)
	RebuildCommonClasses (83ms)
	RebuildNativeTypeToScriptingClass (20ms)
	initialDomainReloadingComplete (646ms)
	LoadAllAssembliesAndSetupDomain (1358ms)
		LoadAssemblies (1370ms)
		RebuildTransferFunctionScriptingTraits (0ms)
		AnalyzeDomain (364ms)
			TypeCache.Refresh (328ms)
				TypeCache.ScanAssembly (300ms)
			ScanForSourceGeneratedMonoScriptInfo (26ms)
			ResolveRequiredComponents (7ms)
	FinalizeReload (2488ms)
		ReleaseScriptCaches (0ms)
		RebuildScriptCaches (0ms)
		SetupLoadedEditorAssemblies (2113ms)
			LogAssemblyErrors (0ms)
			InitializePlatformSupportModulesInManaged (5ms)
			SetLoadedEditorAssemblies (4ms)
			RefreshPlugins (0ms)
			BeforeProcessingInitializeOnLoad (83ms)
			ProcessInitializeOnLoadAttributes (1953ms)
			ProcessInitializeOnLoadMethodAttributes (48ms)
			AfterProcessingInitializeOnLoad (20ms)
			EditorAssembliesLoaded (0ms)
		ExecutionOrderSort2 (0ms)
		AwakeInstancesAfterBackupRestoration (18ms)
Launched and connected shader compiler UnityShaderCompiler.exe after 0.06 seconds
Refreshing native plugins compatible for Editor in 29.40 ms, found 4 plugins.
Preloading 1 native plugins for Editor in 0.09 ms.
Unloading 3347 Unused Serialized files (Serialized files now loaded: 0)
Unloading 82 unused Assets / (96.3 KB). Loaded Objects now: 3808.
Memory consumption went from 157.9 MB to 157.8 MB.
Total: 4.081200 ms (FindLiveObjects: 0.357400 ms CreateObjectMapping: 0.351600 ms MarkObjects: 3.195300 ms  DeleteObjects: 0.175300 ms)

AssetImportParameters requested are different than current active one (requested -> active):
  custom:container-demuxer-ogg: 62fdf1f143b41e24485cea50d1cbac27 -> 
  custom:video-codec-MediaFoundation-h265: 746d11721c4dcdbdad8f713fa42b33f4 -> 
  custom:video-decoder-ogg-theora: a1e56fd34408186e4bbccfd4996cb3dc -> 
  custom:framework-win-MediaFoundation: 216162199b28c13a410421893ffa2e32 -> 
  custom:CustomObjectIndexerAttribute: 6d391050e5a25f67b0a2c618074f2cd9 -> 
  custom:container-demuxer-webm: 4f35f7cbe854078d1ac9338744f61a02 -> 
  custom:container-muxer-webm: aa71ff27fc2769a1b78a27578f13a17b -> 
  custom:video-decoder-webm-vp8: 9c59270c3fd7afecdb556c50c9e8de78 -> 
  custom:SearchIndexIgnoredProperties: e643bd26f0fe6173181afceb89e7c659 -> 
  custom:AudioImporter_EditorPlatform: d09bf68614088b80899f8185d706f6e7 -> 
  custom:video-encoder-webm-vp8: eb34c28f22e8b96e1ab97ce403110664 -> 
  custom:audio-decoder-ogg-vorbis: bf7c407c2cedff20999df2af8eb42d56 -> 
  custom:audio-encoder-webm-vorbis: bf7c407c2cedff20999df2af8eb42d56 -> 
========================================================================
Received Import Request.
  Time since last request: 20905.954844 seconds.
  path: Assets/NutBoneMovement.cs
  artifactKey: Guid(50fe2c9259dc32743a30e9c181b7cdca) Importer(815301076,1909f56bfc062723c751e8b465ee728b)
Start importing Assets/NutBoneMovement.cs using Guid(50fe2c9259dc32743a30e9c181b7cdca) Importer(815301076,1909f56bfc062723c751e8b465ee728b)  -> (artifact id: 'cfef79d5f50ac636def77cacaa7a4a1d') in 0.002881 seconds
Number of updated asset objects reloaded before import = 0
Number of asset objects unloaded after import = 0
========================================================================
Received Prepare
Begin MonoManager ReloadAssembly
- Loaded All Assemblies, in  0.683 seconds
Refreshing native plugins compatible for Editor in 31.80 ms, found 4 plugins.
Native extension for WindowsStandalone target not found
[Package Manager] Server::EnsureServerProcessIsRunning -- launch failed, reason: Unity was launched with the -noUpm command-line argument
[Package Manager] UpmClient::Send -- Unable to send message (not connected to UPM process).
[Package Manager] Cannot connect to Unity Package Manager local server
进程外导入时不支持 CreateSerializedAsset
0x00007ff7cadba45d (Unity) StackWalker::GetCurrentCallstack
0x00007ff7cadbf529 (Unity) StackWalker::ShowCallstack
0x00007ff7cbd90e11 (Unity) GetStacktrace
0x00007ff7cc44b3ee (Unity) DebugStringToFile
0x00007ff7cc1515ea (Unity) CreateSerializedAssetV2
0x00007ff7cc0ed375 (Unity) CreateSerializedAssetV2
0x00007ff7cc05857e (Unity) AssetDatabase::CreateSerializedAsset
0x00007ff7ca54b9d9 (Unity) AssetDatabaseBindings::CreateAsset
0x00007ff7ca23ce5d (Unity) AssetDatabase_CUSTOM_CreateAsset
0x000001ac10139e95 (Mono JIT Code) (wrapper managed-to-native) UnityEditor.AssetDatabase:CreateAsset (UnityEngine.Object,string)
0x000001ac10130833 (Mono JIT Code) TriLibCore.TriLibSettings:GetTriLibPreferences () (at E:/UnityProject/BASF4DCT/Assets/TriLib/TriLibCore/Scripts/Misc/TriLibSettings.cs:41)
0x000001ac101306a3 (Mono JIT Code) TriLibCore.TriLibSettings:GetBool (string) (at E:/UnityProject/BASF4DCT/Assets/TriLib/TriLibCore/Scripts/Misc/TriLibSettings.cs:64)
0x000001ac1012fc73 (Mono JIT Code) TriLibCore.Editor.CheckMappers:Initialize () (at E:/UnityProject/BASF4DCT/Assets/TriLib/TriLibCore/Editor/Scripts/CheckMappers.cs:18)
0x000001ac0ed1eea3 (Mono JIT Code) (wrapper runtime-invoke) object:runtime_invoke_void (object,intptr,intptr,intptr)
0x00007fffdd2f4b7e (mono-2.0-bdwgc) mono_jit_runtime_invoke (at C:/build/output/Unity-Technologies/mono/mono/mini/mini-runtime.c:3445)
0x00007fffdd22d204 (mono-2.0-bdwgc) do_runtime_invoke (at C:/build/output/Unity-Technologies/mono/mono/metadata/object.c:3068)
0x00007fffdd234b0f (mono-2.0-bdwgc) mono_runtime_try_invoke_array (at C:/build/output/Unity-Technologies/mono/mono/metadata/object.c:5770)
0x00007fffdd164ea2 (mono-2.0-bdwgc) ves_icall_InternalInvoke (at C:/build/output/Unity-Technologies/mono/mono/metadata/icall.c:4041)
0x00007fffdd18b081 (mono-2.0-bdwgc) ves_icall_InternalInvoke_raw (at C:/build/output/Unity-Technologies/mono/mono/metadata/icall-def.h:692)
0x000001ac100ffcc0 (Mono JIT Code) (wrapper managed-to-native) System.Reflection.RuntimeMethodInfo:InternalInvoke (System.Reflection.RuntimeMethodInfo,object,object[],System.Exception&)
0x000001ac1011fdbb (Mono JIT Code) System.Reflection.RuntimeMethodInfo:Invoke (object,System.Reflection.BindingFlags,System.Reflection.Binder,object[],System.Globalization.CultureInfo)
0x000001ac1011fc7e (Mono JIT Code) System.Reflection.MethodBase:Invoke (object,object[])
0x000001ac1012edeb (Mono JIT Code) UnityEditor.EditorAssemblies:ProcessInitializeOnLoadMethodAttributes ()
0x000001ac11878e15 (Mono JIT Code) (wrapper runtime-invoke) object:runtime_invoke_void (object,intptr,intptr,intptr)
0x00007fffdd2f4b7e (mono-2.0-bdwgc) mono_jit_runtime_invoke (at C:/build/output/Unity-Technologies/mono/mono/mini/mini-runtime.c:3445)
0x00007fffdd22d204 (mono-2.0-bdwgc) do_runtime_invoke (at C:/build/output/Unity-Technologies/mono/mono/metadata/object.c:3068)
0x00007fffdd22d37c (mono-2.0-bdwgc) mono_runtime_invoke (at C:/build/output/Unity-Technologies/mono/mono/metadata/object.c:3115)
0x00007ff7cacd3bf4 (Unity) scripting_method_invoke
0x00007ff7cacb1ae4 (Unity) ScriptingInvocation::Invoke
0x00007ff7cacac6f5 (Unity) ScriptingInvocation::Invoke<void>
0x00007ff7cadfd41b (Unity) Scripting::UnityEditor::EditorAssembliesProxy::ProcessInitializeOnLoadMethodAttributes
0x00007ff7caca67eb (Unity) MonoManager::SetupLoadedEditorAssemblies
0x00007ff7cac9c499 (Unity) MonoManager::FinalizeReload
0x00007ff7cc08bfba (Unity) ScriptingInitializer::FinalizeReload
0x00007ff7cbc398db (Unity) LoadUserAssemblies
0x00007ff7cc138095 (Unity) <lambda_9fd93ece4936691877e09073f9324843>::operator()
0x00007ff7cc1735e2 (Unity) asio::detail::completion_handler<core::mutable_function<void __cdecl(void)>,asio::io_context::basic_executor_type<std::allocator<void>,0> >::do_complete
0x00007ff7cc15f58e (Unity) asio::detail::win_iocp_io_context::do_one
0x00007ff7cc1611f4 (Unity) asio::detail::win_iocp_io_context::run
0x00007ff7cc17198c (Unity) IOService::Run
0x00007ff7cc1454ef (Unity) AssetImportWorkerClient::Run
0x00007ff7cc110427 (Unity) RunAssetImportWorkerClientV2
0x00007ff7cc1104ab (Unity) RunAssetImporterV2
0x00007ff7cb913c1d (Unity) Application::InitializeProject
0x00007ff7cbd9cc85 (Unity) WinMain
0x00007ff7cd17d38e (Unity) __scrt_common_main_seh
0x00007ff81b877344 (KERNEL32) BaseThreadInitThunk
0x00007ff81d8226b1 (ntdll) RtlUserThreadStart

System.Reflection.TargetInvocationException: Exception has been thrown by the target of an invocation. ---> UnityEngine.UnityException: Creating asset at path Assets/TriLib/TriLibCore/Resources/TriLibSettings.asset failed.
  at (wrapper managed-to-native) UnityEditor.AssetDatabase.CreateAsset(UnityEngine.Object,string)
  at TriLibCore.TriLibSettings.GetTriLibPreferences () [0x00039] in E:\UnityProject\BASF4DCT\Assets\TriLib\TriLibCore\Scripts\Misc\TriLibSettings.cs:40 
  at TriLibCore.TriLibSettings.GetBool (System.String key) [0x00000] in E:\UnityProject\BASF4DCT\Assets\TriLib\TriLibCore\Scripts\Misc\TriLibSettings.cs:64 
  at TriLibCore.Editor.CheckMappers.Initialize () [0x00011] in E:\UnityProject\BASF4DCT\Assets\TriLib\TriLibCore\Editor\Scripts\CheckMappers.cs:18 
  at (wrapper managed-to-native) System.Reflection.RuntimeMethodInfo.InternalInvoke(System.Reflection.RuntimeMethodInfo,object,object[],System.Exception&)
  at System.Reflection.RuntimeMethodInfo.Invoke (System.Object obj, System.Reflection.BindingFlags invokeAttr, System.Reflection.Binder binder, System.Object[] parameters, System.Globalization.CultureInfo culture) [0x0006a] in <17d9ce77f27a4bd2afb5ba32c9bea976>:0 
   --- End of inner exception stack trace ---
  at System.Reflection.RuntimeMethodInfo.Invoke (System.Object obj, System.Reflection.BindingFlags invokeAttr, System.Reflection.Binder binder, System.Object[] parameters, System.Globalization.CultureInfo culture) [0x00083] in <17d9ce77f27a4bd2afb5ba32c9bea976>:0 
  at System.Reflection.MethodBase.Invoke (System.Object obj, System.Object[] parameters) [0x00000] in <17d9ce77f27a4bd2afb5ba32c9bea976>:0 
  at UnityEditor.EditorAssemblies.ProcessInitializeOnLoadMethodAttributes () [0x000a5] in <aec3a143be31489f8782c487d4d86edd>:0 
0x00007ff7cadba45d (Unity) StackWalker::GetCurrentCallstack
0x00007ff7cadbf529 (Unity) StackWalker::ShowCallstack
0x00007ff7cbd90e11 (Unity) GetStacktrace
0x00007ff7cc44b3ee (Unity) DebugStringToFile
0x00007ff7c9e86da8 (Unity) DebugLogHandler_CUSTOM_Internal_Log
0x000001ac1013d193 (Mono JIT Code) (wrapper managed-to-native) UnityEngine.DebugLogHandler:Internal_Log (UnityEngine.LogType,UnityEngine.LogOption,string,UnityEngine.Object)
0x000001ac1013ce6b (Mono JIT Code) UnityEngine.DebugLogHandler:LogFormat (UnityEngine.LogType,UnityEngine.Object,string,object[])
0x000001ac1013a260 (Mono JIT Code) UnityEngine.Logger:Log (UnityEngine.LogType,object)
0x000001ac1013a125 (Mono JIT Code) UnityEngine.Debug:LogError (object)
0x000001ac1012ee0b (Mono JIT Code) UnityEditor.EditorAssemblies:ProcessInitializeOnLoadMethodAttributes ()
0x000001ac11878e15 (Mono JIT Code) (wrapper runtime-invoke) object:runtime_invoke_void (object,intptr,intptr,intptr)
0x00007fffdd2f4b7e (mono-2.0-bdwgc) mono_jit_runtime_invoke (at C:/build/output/Unity-Technologies/mono/mono/mini/mini-runtime.c:3445)
0x00007fffdd22d204 (mono-2.0-bdwgc) do_runtime_invoke (at C:/build/output/Unity-Technologies/mono/mono/metadata/object.c:3068)
0x00007fffdd22d37c (mono-2.0-bdwgc) mono_runtime_invoke (at C:/build/output/Unity-Technologies/mono/mono/metadata/object.c:3115)
0x00007ff7cacd3bf4 (Unity) scripting_method_invoke
0x00007ff7cacb1ae4 (Unity) ScriptingInvocation::Invoke
0x00007ff7cacac6f5 (Unity) ScriptingInvocation::Invoke<void>
0x00007ff7cadfd41b (Unity) Scripting::UnityEditor::EditorAssembliesProxy::ProcessInitializeOnLoadMethodAttributes
0x00007ff7caca67eb (Unity) MonoManager::SetupLoadedEditorAssemblies
0x00007ff7cac9c499 (Unity) MonoManager::FinalizeReload
0x00007ff7cc08bfba (Unity) ScriptingInitializer::FinalizeReload
0x00007ff7cbc398db (Unity) LoadUserAssemblies
0x00007ff7cc138095 (Unity) <lambda_9fd93ece4936691877e09073f9324843>::operator()
0x00007ff7cc1735e2 (Unity) asio::detail::completion_handler<core::mutable_function<void __cdecl(void)>,asio::io_context::basic_executor_type<std::allocator<void>,0> >::do_complete
0x00007ff7cc15f58e (Unity) asio::detail::win_iocp_io_context::do_one
0x00007ff7cc1611f4 (Unity) asio::detail::win_iocp_io_context::run
0x00007ff7cc17198c (Unity) IOService::Run
0x00007ff7cc1454ef (Unity) AssetImportWorkerClient::Run
0x00007ff7cc110427 (Unity) RunAssetImportWorkerClientV2
0x00007ff7cc1104ab (Unity) RunAssetImporterV2
0x00007ff7cb913c1d (Unity) Application::InitializeProject
0x00007ff7cbd9cc85 (Unity) WinMain
0x00007ff7cd17d38e (Unity) __scrt_common_main_seh
0x00007ff81b877344 (KERNEL32) BaseThreadInitThunk
0x00007ff81d8226b1 (ntdll) RtlUserThreadStart

Mono: successfully reloaded assembly
- Finished resetting the current domain, in  1.651 seconds
Domain Reload Profiling: 2324ms
	BeginReloadAssembly (201ms)
		ExecutionOrderSort (0ms)
		DisableScriptedObjects (7ms)
		BackupInstance (0ms)
		ReleaseScriptingObjects (0ms)
		CreateAndSetChildDomain (41ms)
	RebuildCommonClasses (46ms)
	RebuildNativeTypeToScriptingClass (13ms)
	initialDomainReloadingComplete (100ms)
	LoadAllAssembliesAndSetupDomain (311ms)
		LoadAssemblies (389ms)
		RebuildTransferFunctionScriptingTraits (0ms)
		AnalyzeDomain (34ms)
			TypeCache.Refresh (13ms)
				TypeCache.ScanAssembly (2ms)
			ScanForSourceGeneratedMonoScriptInfo (12ms)
			ResolveRequiredComponents (8ms)
	FinalizeReload (1652ms)
		ReleaseScriptCaches (0ms)
		RebuildScriptCaches (0ms)
		SetupLoadedEditorAssemblies (843ms)
			LogAssemblyErrors (0ms)
			InitializePlatformSupportModulesInManaged (5ms)
			SetLoadedEditorAssemblies (4ms)
			RefreshPlugins (0ms)
			BeforeProcessingInitializeOnLoad (77ms)
			ProcessInitializeOnLoadAttributes (409ms)
			ProcessInitializeOnLoadMethodAttributes (320ms)
			AfterProcessingInitializeOnLoad (27ms)
			EditorAssembliesLoaded (0ms)
		ExecutionOrderSort2 (0ms)
		AwakeInstancesAfterBackupRestoration (17ms)
Refreshing native plugins compatible for Editor in 37.07 ms, found 4 plugins.
Preloading 1 native plugins for Editor in 0.10 ms.
Unloading 3307 Unused Serialized files (Serialized files now loaded: 0)
Unloading 74 unused Assets / (96.6 KB). Loaded Objects now: 3812.
Memory consumption went from 151.2 MB to 151.2 MB.
Total: 4.171200 ms (FindLiveObjects: 0.359200 ms CreateObjectMapping: 0.292000 ms MarkObjects: 3.292400 ms  DeleteObjects: 0.226100 ms)

Prepare: number of updated asset objects reloaded= 0
AssetImportParameters requested are different than current active one (requested -> active):
  custom:container-demuxer-ogg: 62fdf1f143b41e24485cea50d1cbac27 -> 
  custom:video-codec-MediaFoundation-h265: 746d11721c4dcdbdad8f713fa42b33f4 -> 
  custom:video-decoder-ogg-theora: a1e56fd34408186e4bbccfd4996cb3dc -> 
  custom:framework-win-MediaFoundation: 216162199b28c13a410421893ffa2e32 -> 
  custom:CustomObjectIndexerAttribute: 6d391050e5a25f67b0a2c618074f2cd9 -> 
  custom:container-demuxer-webm: 4f35f7cbe854078d1ac9338744f61a02 -> 
  custom:container-muxer-webm: aa71ff27fc2769a1b78a27578f13a17b -> 
  custom:video-decoder-webm-vp8: 9c59270c3fd7afecdb556c50c9e8de78 -> 
  custom:SearchIndexIgnoredProperties: e643bd26f0fe6173181afceb89e7c659 -> 
  custom:AudioImporter_EditorPlatform: d09bf68614088b80899f8185d706f6e7 -> 
  custom:video-encoder-webm-vp8: eb34c28f22e8b96e1ab97ce403110664 -> 
  custom:audio-decoder-ogg-vorbis: bf7c407c2cedff20999df2af8eb42d56 -> 
  custom:audio-encoder-webm-vorbis: bf7c407c2cedff20999df2af8eb42d56 -> 
========================================================================
Received Prepare
Begin MonoManager ReloadAssembly
- Loaded All Assemblies, in  1.037 seconds
Refreshing native plugins compatible for Editor in 26.91 ms, found 4 plugins.
Native extension for WindowsStandalone target not found
[Package Manager] Server::EnsureServerProcessIsRunning -- launch failed, reason: Unity was launched with the -noUpm command-line argument
[Package Manager] UpmClient::Send -- Unable to send message (not connected to UPM process).
[Package Manager] Cannot connect to Unity Package Manager local server
进程外导入时不支持 CreateSerializedAsset
0x00007ff7cadba45d (Unity) StackWalker::GetCurrentCallstack
0x00007ff7cadbf529 (Unity) StackWalker::ShowCallstack
0x00007ff7cbd90e11 (Unity) GetStacktrace
0x00007ff7cc44b3ee (Unity) DebugStringToFile
0x00007ff7cc1515ea (Unity) CreateSerializedAssetV2
0x00007ff7cc0ed375 (Unity) CreateSerializedAssetV2
0x00007ff7cc05857e (Unity) AssetDatabase::CreateSerializedAsset
0x00007ff7ca54b9d9 (Unity) AssetDatabaseBindings::CreateAsset
0x00007ff7ca23ce5d (Unity) AssetDatabase_CUSTOM_CreateAsset
0x000001ac10039e65 (Mono JIT Code) (wrapper managed-to-native) UnityEditor.AssetDatabase:CreateAsset (UnityEngine.Object,string)
0x000001ac100309f3 (Mono JIT Code) TriLibCore.TriLibSettings:GetTriLibPreferences () (at E:/UnityProject/BASF4DCT/Assets/TriLib/TriLibCore/Scripts/Misc/TriLibSettings.cs:41)
0x000001ac10030863 (Mono JIT Code) TriLibCore.TriLibSettings:GetBool (string) (at E:/UnityProject/BASF4DCT/Assets/TriLib/TriLibCore/Scripts/Misc/TriLibSettings.cs:64)
0x000001ac10030063 (Mono JIT Code) TriLibCore.Editor.CheckMappers:Initialize () (at E:/UnityProject/BASF4DCT/Assets/TriLib/TriLibCore/Editor/Scripts/CheckMappers.cs:18)
0x000001ac0ffbf023 (Mono JIT Code) (wrapper runtime-invoke) object:runtime_invoke_void (object,intptr,intptr,intptr)
0x00007fffdd2f4b7e (mono-2.0-bdwgc) mono_jit_runtime_invoke (at C:/build/output/Unity-Technologies/mono/mono/mini/mini-runtime.c:3445)
0x00007fffdd22d204 (mono-2.0-bdwgc) do_runtime_invoke (at C:/build/output/Unity-Technologies/mono/mono/metadata/object.c:3068)
0x00007fffdd234b0f (mono-2.0-bdwgc) mono_runtime_try_invoke_array (at C:/build/output/Unity-Technologies/mono/mono/metadata/object.c:5770)
0x00007fffdd164ea2 (mono-2.0-bdwgc) ves_icall_InternalInvoke (at C:/build/output/Unity-Technologies/mono/mono/metadata/icall.c:4041)
0x00007fffdd18b081 (mono-2.0-bdwgc) ves_icall_InternalInvoke_raw (at C:/build/output/Unity-Technologies/mono/mono/metadata/icall-def.h:692)
0x000001ac10020340 (Mono JIT Code) (wrapper managed-to-native) System.Reflection.RuntimeMethodInfo:InternalInvoke (System.Reflection.RuntimeMethodInfo,object,object[],System.Exception&)
0x000001ac1001fdbb (Mono JIT Code) System.Reflection.RuntimeMethodInfo:Invoke (object,System.Reflection.BindingFlags,System.Reflection.Binder,object[],System.Globalization.CultureInfo)
0x000001ac1001fc7e (Mono JIT Code) System.Reflection.MethodBase:Invoke (object,object[])
0x000001ac1002f3db (Mono JIT Code) UnityEditor.EditorAssemblies:ProcessInitializeOnLoadMethodAttributes ()
0x000001ac11858e15 (Mono JIT Code) (wrapper runtime-invoke) object:runtime_invoke_void (object,intptr,intptr,intptr)
0x00007fffdd2f4b7e (mono-2.0-bdwgc) mono_jit_runtime_invoke (at C:/build/output/Unity-Technologies/mono/mono/mini/mini-runtime.c:3445)
0x00007fffdd22d204 (mono-2.0-bdwgc) do_runtime_invoke (at C:/build/output/Unity-Technologies/mono/mono/metadata/object.c:3068)
0x00007fffdd22d37c (mono-2.0-bdwgc) mono_runtime_invoke (at C:/build/output/Unity-Technologies/mono/mono/metadata/object.c:3115)
0x00007ff7cacd3bf4 (Unity) scripting_method_invoke
0x00007ff7cacb1ae4 (Unity) ScriptingInvocation::Invoke
0x00007ff7cacac6f5 (Unity) ScriptingInvocation::Invoke<void>
0x00007ff7cadfd41b (Unity) Scripting::UnityEditor::EditorAssembliesProxy::ProcessInitializeOnLoadMethodAttributes
0x00007ff7caca67eb (Unity) MonoManager::SetupLoadedEditorAssemblies
0x00007ff7cac9c499 (Unity) MonoManager::FinalizeReload
0x00007ff7cc08bfba (Unity) ScriptingInitializer::FinalizeReload
0x00007ff7cbc398db (Unity) LoadUserAssemblies
0x00007ff7cc138095 (Unity) <lambda_9fd93ece4936691877e09073f9324843>::operator()
0x00007ff7cc1735e2 (Unity) asio::detail::completion_handler<core::mutable_function<void __cdecl(void)>,asio::io_context::basic_executor_type<std::allocator<void>,0> >::do_complete
0x00007ff7cc15f58e (Unity) asio::detail::win_iocp_io_context::do_one
0x00007ff7cc1611f4 (Unity) asio::detail::win_iocp_io_context::run
0x00007ff7cc17198c (Unity) IOService::Run
0x00007ff7cc1454ef (Unity) AssetImportWorkerClient::Run
0x00007ff7cc110427 (Unity) RunAssetImportWorkerClientV2
0x00007ff7cc1104ab (Unity) RunAssetImporterV2
0x00007ff7cb913c1d (Unity) Application::InitializeProject
0x00007ff7cbd9cc85 (Unity) WinMain
0x00007ff7cd17d38e (Unity) __scrt_common_main_seh
0x00007ff81b877344 (KERNEL32) BaseThreadInitThunk
0x00007ff81d8226b1 (ntdll) RtlUserThreadStart

System.Reflection.TargetInvocationException: Exception has been thrown by the target of an invocation. ---> UnityEngine.UnityException: Creating asset at path Assets/TriLib/TriLibCore/Resources/TriLibSettings.asset failed.
  at (wrapper managed-to-native) UnityEditor.AssetDatabase.CreateAsset(UnityEngine.Object,string)
  at TriLibCore.TriLibSettings.GetTriLibPreferences () [0x00039] in E:\UnityProject\BASF4DCT\Assets\TriLib\TriLibCore\Scripts\Misc\TriLibSettings.cs:40 
  at TriLibCore.TriLibSettings.GetBool (System.String key) [0x00000] in E:\UnityProject\BASF4DCT\Assets\TriLib\TriLibCore\Scripts\Misc\TriLibSettings.cs:64 
  at TriLibCore.Editor.CheckMappers.Initialize () [0x00011] in E:\UnityProject\BASF4DCT\Assets\TriLib\TriLibCore\Editor\Scripts\CheckMappers.cs:18 
  at (wrapper managed-to-native) System.Reflection.RuntimeMethodInfo.InternalInvoke(System.Reflection.RuntimeMethodInfo,object,object[],System.Exception&)
  at System.Reflection.RuntimeMethodInfo.Invoke (System.Object obj, System.Reflection.BindingFlags invokeAttr, System.Reflection.Binder binder, System.Object[] parameters, System.Globalization.CultureInfo culture) [0x0006a] in <17d9ce77f27a4bd2afb5ba32c9bea976>:0 
   --- End of inner exception stack trace ---
  at System.Reflection.RuntimeMethodInfo.Invoke (System.Object obj, System.Reflection.BindingFlags invokeAttr, System.Reflection.Binder binder, System.Object[] parameters, System.Globalization.CultureInfo culture) [0x00083] in <17d9ce77f27a4bd2afb5ba32c9bea976>:0 
  at System.Reflection.MethodBase.Invoke (System.Object obj, System.Object[] parameters) [0x00000] in <17d9ce77f27a4bd2afb5ba32c9bea976>:0 
  at UnityEditor.EditorAssemblies.ProcessInitializeOnLoadMethodAttributes () [0x000a5] in <aec3a143be31489f8782c487d4d86edd>:0 
0x00007ff7cadba45d (Unity) StackWalker::GetCurrentCallstack
0x00007ff7cadbf529 (Unity) StackWalker::ShowCallstack
0x00007ff7cbd90e11 (Unity) GetStacktrace
0x00007ff7cc44b3ee (Unity) DebugStringToFile
0x00007ff7c9e86da8 (Unity) DebugLogHandler_CUSTOM_Internal_Log
0x000001ac1003d163 (Mono JIT Code) (wrapper managed-to-native) UnityEngine.DebugLogHandler:Internal_Log (UnityEngine.LogType,UnityEngine.LogOption,string,UnityEngine.Object)
0x000001ac1003ce3b (Mono JIT Code) UnityEngine.DebugLogHandler:LogFormat (UnityEngine.LogType,UnityEngine.Object,string,object[])
0x000001ac1003a230 (Mono JIT Code) UnityEngine.Logger:Log (UnityEngine.LogType,object)
0x000001ac1003a0f5 (Mono JIT Code) UnityEngine.Debug:LogError (object)
0x000001ac1002f3fb (Mono JIT Code) UnityEditor.EditorAssemblies:ProcessInitializeOnLoadMethodAttributes ()
0x000001ac11858e15 (Mono JIT Code) (wrapper runtime-invoke) object:runtime_invoke_void (object,intptr,intptr,intptr)
0x00007fffdd2f4b7e (mono-2.0-bdwgc) mono_jit_runtime_invoke (at C:/build/output/Unity-Technologies/mono/mono/mini/mini-runtime.c:3445)
0x00007fffdd22d204 (mono-2.0-bdwgc) do_runtime_invoke (at C:/build/output/Unity-Technologies/mono/mono/metadata/object.c:3068)
0x00007fffdd22d37c (mono-2.0-bdwgc) mono_runtime_invoke (at C:/build/output/Unity-Technologies/mono/mono/metadata/object.c:3115)
0x00007ff7cacd3bf4 (Unity) scripting_method_invoke
0x00007ff7cacb1ae4 (Unity) ScriptingInvocation::Invoke
0x00007ff7cacac6f5 (Unity) ScriptingInvocation::Invoke<void>
0x00007ff7cadfd41b (Unity) Scripting::UnityEditor::EditorAssembliesProxy::ProcessInitializeOnLoadMethodAttributes
0x00007ff7caca67eb (Unity) MonoManager::SetupLoadedEditorAssemblies
0x00007ff7cac9c499 (Unity) MonoManager::FinalizeReload
0x00007ff7cc08bfba (Unity) ScriptingInitializer::FinalizeReload
0x00007ff7cbc398db (Unity) LoadUserAssemblies
0x00007ff7cc138095 (Unity) <lambda_9fd93ece4936691877e09073f9324843>::operator()
0x00007ff7cc1735e2 (Unity) asio::detail::completion_handler<core::mutable_function<void __cdecl(void)>,asio::io_context::basic_executor_type<std::allocator<void>,0> >::do_complete
0x00007ff7cc15f58e (Unity) asio::detail::win_iocp_io_context::do_one
0x00007ff7cc1611f4 (Unity) asio::detail::win_iocp_io_context::run
0x00007ff7cc17198c (Unity) IOService::Run
0x00007ff7cc1454ef (Unity) AssetImportWorkerClient::Run
0x00007ff7cc110427 (Unity) RunAssetImportWorkerClientV2
0x00007ff7cc1104ab (Unity) RunAssetImporterV2
0x00007ff7cb913c1d (Unity) Application::InitializeProject
0x00007ff7cbd9cc85 (Unity) WinMain
0x00007ff7cd17d38e (Unity) __scrt_common_main_seh
0x00007ff81b877344 (KERNEL32) BaseThreadInitThunk
0x00007ff81d8226b1 (ntdll) RtlUserThreadStart

Mono: successfully reloaded assembly
- Finished resetting the current domain, in  1.261 seconds
Domain Reload Profiling: 2285ms
	BeginReloadAssembly (261ms)
		ExecutionOrderSort (0ms)
		DisableScriptedObjects (7ms)
		BackupInstance (0ms)
		ReleaseScriptingObjects (0ms)
		CreateAndSetChildDomain (41ms)
	RebuildCommonClasses (58ms)
	RebuildNativeTypeToScriptingClass (23ms)
	initialDomainReloadingComplete (128ms)
	LoadAllAssembliesAndSetupDomain (553ms)
		LoadAssemblies (683ms)
		RebuildTransferFunctionScriptingTraits (0ms)
		AnalyzeDomain (32ms)
			TypeCache.Refresh (13ms)
				TypeCache.ScanAssembly (2ms)
			ScanForSourceGeneratedMonoScriptInfo (10ms)
			ResolveRequiredComponents (9ms)
	FinalizeReload (1261ms)
		ReleaseScriptCaches (0ms)
		RebuildScriptCaches (0ms)
		SetupLoadedEditorAssemblies (491ms)
			LogAssemblyErrors (0ms)
			InitializePlatformSupportModulesInManaged (7ms)
			SetLoadedEditorAssemblies (4ms)
			RefreshPlugins (0ms)
			BeforeProcessingInitializeOnLoad (66ms)
			ProcessInitializeOnLoadAttributes (343ms)
			ProcessInitializeOnLoadMethodAttributes (51ms)
			AfterProcessingInitializeOnLoad (19ms)
			EditorAssembliesLoaded (0ms)
		ExecutionOrderSort2 (0ms)
		AwakeInstancesAfterBackupRestoration (8ms)
Refreshing native plugins compatible for Editor in 36.59 ms, found 4 plugins.
Preloading 1 native plugins for Editor in 0.10 ms.
Unloading 3308 Unused Serialized files (Serialized files now loaded: 0)
Unloading 74 unused Assets / (96.5 KB). Loaded Objects now: 3816.
Memory consumption went from 153.4 MB to 153.4 MB.
Total: 3.976500 ms (FindLiveObjects: 0.440200 ms CreateObjectMapping: 0.446300 ms MarkObjects: 2.534600 ms  DeleteObjects: 0.553900 ms)

Prepare: number of updated asset objects reloaded= 0
AssetImportParameters requested are different than current active one (requested -> active):
  custom:container-demuxer-ogg: 62fdf1f143b41e24485cea50d1cbac27 -> 
  custom:video-codec-MediaFoundation-h265: 746d11721c4dcdbdad8f713fa42b33f4 -> 
  custom:video-decoder-ogg-theora: a1e56fd34408186e4bbccfd4996cb3dc -> 
  custom:framework-win-MediaFoundation: 216162199b28c13a410421893ffa2e32 -> 
  custom:CustomObjectIndexerAttribute: 6d391050e5a25f67b0a2c618074f2cd9 -> 
  custom:container-demuxer-webm: 4f35f7cbe854078d1ac9338744f61a02 -> 
  custom:container-muxer-webm: aa71ff27fc2769a1b78a27578f13a17b -> 
  custom:video-decoder-webm-vp8: 9c59270c3fd7afecdb556c50c9e8de78 -> 
  custom:SearchIndexIgnoredProperties: e643bd26f0fe6173181afceb89e7c659 -> 
  custom:AudioImporter_EditorPlatform: d09bf68614088b80899f8185d706f6e7 -> 
  custom:video-encoder-webm-vp8: eb34c28f22e8b96e1ab97ce403110664 -> 
  custom:audio-decoder-ogg-vorbis: bf7c407c2cedff20999df2af8eb42d56 -> 
  custom:audio-encoder-webm-vorbis: bf7c407c2cedff20999df2af8eb42d56 -> 
========================================================================
Received Prepare
Begin MonoManager ReloadAssembly
- Loaded All Assemblies, in  0.813 seconds
Refreshing native plugins compatible for Editor in 30.96 ms, found 4 plugins.
Native extension for WindowsStandalone target not found
[Package Manager] Server::EnsureServerProcessIsRunning -- launch failed, reason: Unity was launched with the -noUpm command-line argument
[Package Manager] UpmClient::Send -- Unable to send message (not connected to UPM process).
[Package Manager] Cannot connect to Unity Package Manager local server
进程外导入时不支持 CreateSerializedAsset
0x00007ff7cadba45d (Unity) StackWalker::GetCurrentCallstack
0x00007ff7cadbf529 (Unity) StackWalker::ShowCallstack
0x00007ff7cbd90e11 (Unity) GetStacktrace
0x00007ff7cc44b3ee (Unity) DebugStringToFile
0x00007ff7cc1515ea (Unity) CreateSerializedAssetV2
0x00007ff7cc0ed375 (Unity) CreateSerializedAssetV2
0x00007ff7cc05857e (Unity) AssetDatabase::CreateSerializedAsset
0x00007ff7ca54b9d9 (Unity) AssetDatabaseBindings::CreateAsset
0x00007ff7ca23ce5d (Unity) AssetDatabase_CUSTOM_CreateAsset
0x000001ac10098ac5 (Mono JIT Code) (wrapper managed-to-native) UnityEditor.AssetDatabase:CreateAsset (UnityEngine.Object,string)
0x000001ac1008f5d3 (Mono JIT Code) TriLibCore.TriLibSettings:GetTriLibPreferences () (at E:/UnityProject/BASF4DCT/Assets/TriLib/TriLibCore/Scripts/Misc/TriLibSettings.cs:41)
0x000001ac1008f443 (Mono JIT Code) TriLibCore.TriLibSettings:GetBool (string) (at E:/UnityProject/BASF4DCT/Assets/TriLib/TriLibCore/Scripts/Misc/TriLibSettings.cs:64)
0x000001ac1008ec43 (Mono JIT Code) TriLibCore.Editor.CheckMappers:Initialize () (at E:/UnityProject/BASF4DCT/Assets/TriLib/TriLibCore/Editor/Scripts/CheckMappers.cs:18)
0x000001ac0ffae023 (Mono JIT Code) (wrapper runtime-invoke) object:runtime_invoke_void (object,intptr,intptr,intptr)
0x00007fffdd2f4b7e (mono-2.0-bdwgc) mono_jit_runtime_invoke (at C:/build/output/Unity-Technologies/mono/mono/mini/mini-runtime.c:3445)
0x00007fffdd22d204 (mono-2.0-bdwgc) do_runtime_invoke (at C:/build/output/Unity-Technologies/mono/mono/metadata/object.c:3068)
0x00007fffdd234b0f (mono-2.0-bdwgc) mono_runtime_try_invoke_array (at C:/build/output/Unity-Technologies/mono/mono/metadata/object.c:5770)
0x00007fffdd164ea2 (mono-2.0-bdwgc) ves_icall_InternalInvoke (at C:/build/output/Unity-Technologies/mono/mono/metadata/icall.c:4041)
0x00007fffdd18b081 (mono-2.0-bdwgc) ves_icall_InternalInvoke_raw (at C:/build/output/Unity-Technologies/mono/mono/metadata/icall-def.h:692)
0x000001ac1007f890 (Mono JIT Code) (wrapper managed-to-native) System.Reflection.RuntimeMethodInfo:InternalInvoke (System.Reflection.RuntimeMethodInfo,object,object[],System.Exception&)
0x000001ac1007f35b (Mono JIT Code) System.Reflection.RuntimeMethodInfo:Invoke (object,System.Reflection.BindingFlags,System.Reflection.Binder,object[],System.Globalization.CultureInfo)
0x000001ac1007f21e (Mono JIT Code) System.Reflection.MethodBase:Invoke (object,object[])
0x000001ac1008ddbb (Mono JIT Code) UnityEditor.EditorAssemblies:ProcessInitializeOnLoadMethodAttributes ()
0x000001ac0ed08e15 (Mono JIT Code) (wrapper runtime-invoke) object:runtime_invoke_void (object,intptr,intptr,intptr)
0x00007fffdd2f4b7e (mono-2.0-bdwgc) mono_jit_runtime_invoke (at C:/build/output/Unity-Technologies/mono/mono/mini/mini-runtime.c:3445)
0x00007fffdd22d204 (mono-2.0-bdwgc) do_runtime_invoke (at C:/build/output/Unity-Technologies/mono/mono/metadata/object.c:3068)
0x00007fffdd22d37c (mono-2.0-bdwgc) mono_runtime_invoke (at C:/build/output/Unity-Technologies/mono/mono/metadata/object.c:3115)
0x00007ff7cacd3bf4 (Unity) scripting_method_invoke
0x00007ff7cacb1ae4 (Unity) ScriptingInvocation::Invoke
0x00007ff7cacac6f5 (Unity) ScriptingInvocation::Invoke<void>
0x00007ff7cadfd41b (Unity) Scripting::UnityEditor::EditorAssembliesProxy::ProcessInitializeOnLoadMethodAttributes
0x00007ff7caca67eb (Unity) MonoManager::SetupLoadedEditorAssemblies
0x00007ff7cac9c499 (Unity) MonoManager::FinalizeReload
0x00007ff7cc08bfba (Unity) ScriptingInitializer::FinalizeReload
0x00007ff7cbc398db (Unity) LoadUserAssemblies
0x00007ff7cc138095 (Unity) <lambda_9fd93ece4936691877e09073f9324843>::operator()
0x00007ff7cc1735e2 (Unity) asio::detail::completion_handler<core::mutable_function<void __cdecl(void)>,asio::io_context::basic_executor_type<std::allocator<void>,0> >::do_complete
0x00007ff7cc15f58e (Unity) asio::detail::win_iocp_io_context::do_one
0x00007ff7cc1611f4 (Unity) asio::detail::win_iocp_io_context::run
0x00007ff7cc17198c (Unity) IOService::Run
0x00007ff7cc1454ef (Unity) AssetImportWorkerClient::Run
0x00007ff7cc110427 (Unity) RunAssetImportWorkerClientV2
0x00007ff7cc1104ab (Unity) RunAssetImporterV2
0x00007ff7cb913c1d (Unity) Application::InitializeProject
0x00007ff7cbd9cc85 (Unity) WinMain
0x00007ff7cd17d38e (Unity) __scrt_common_main_seh
0x00007ff81b877344 (KERNEL32) BaseThreadInitThunk
0x00007ff81d8226b1 (ntdll) RtlUserThreadStart

System.Reflection.TargetInvocationException: Exception has been thrown by the target of an invocation. ---> UnityEngine.UnityException: Creating asset at path Assets/TriLib/TriLibCore/Resources/TriLibSettings.asset failed.
  at (wrapper managed-to-native) UnityEditor.AssetDatabase.CreateAsset(UnityEngine.Object,string)
  at TriLibCore.TriLibSettings.GetTriLibPreferences () [0x00039] in E:\UnityProject\BASF4DCT\Assets\TriLib\TriLibCore\Scripts\Misc\TriLibSettings.cs:40 
  at TriLibCore.TriLibSettings.GetBool (System.String key) [0x00000] in E:\UnityProject\BASF4DCT\Assets\TriLib\TriLibCore\Scripts\Misc\TriLibSettings.cs:64 
  at TriLibCore.Editor.CheckMappers.Initialize () [0x00011] in E:\UnityProject\BASF4DCT\Assets\TriLib\TriLibCore\Editor\Scripts\CheckMappers.cs:18 
  at (wrapper managed-to-native) System.Reflection.RuntimeMethodInfo.InternalInvoke(System.Reflection.RuntimeMethodInfo,object,object[],System.Exception&)
  at System.Reflection.RuntimeMethodInfo.Invoke (System.Object obj, System.Reflection.BindingFlags invokeAttr, System.Reflection.Binder binder, System.Object[] parameters, System.Globalization.CultureInfo culture) [0x0006a] in <17d9ce77f27a4bd2afb5ba32c9bea976>:0 
   --- End of inner exception stack trace ---
  at System.Reflection.RuntimeMethodInfo.Invoke (System.Object obj, System.Reflection.BindingFlags invokeAttr, System.Reflection.Binder binder, System.Object[] parameters, System.Globalization.CultureInfo culture) [0x00083] in <17d9ce77f27a4bd2afb5ba32c9bea976>:0 
  at System.Reflection.MethodBase.Invoke (System.Object obj, System.Object[] parameters) [0x00000] in <17d9ce77f27a4bd2afb5ba32c9bea976>:0 
  at UnityEditor.EditorAssemblies.ProcessInitializeOnLoadMethodAttributes () [0x000a5] in <aec3a143be31489f8782c487d4d86edd>:0 
0x00007ff7cadba45d (Unity) StackWalker::GetCurrentCallstack
0x00007ff7cadbf529 (Unity) StackWalker::ShowCallstack
0x00007ff7cbd90e11 (Unity) GetStacktrace
0x00007ff7cc44b3ee (Unity) DebugStringToFile
0x00007ff7c9e86da8 (Unity) DebugLogHandler_CUSTOM_Internal_Log
0x000001ac1009bdc3 (Mono JIT Code) (wrapper managed-to-native) UnityEngine.DebugLogHandler:Internal_Log (UnityEngine.LogType,UnityEngine.LogOption,string,UnityEngine.Object)
0x000001ac1009ba9b (Mono JIT Code) UnityEngine.DebugLogHandler:LogFormat (UnityEngine.LogType,UnityEngine.Object,string,object[])
0x000001ac10098e90 (Mono JIT Code) UnityEngine.Logger:Log (UnityEngine.LogType,object)
0x000001ac10098d55 (Mono JIT Code) UnityEngine.Debug:LogError (object)
0x000001ac1008dddb (Mono JIT Code) UnityEditor.EditorAssemblies:ProcessInitializeOnLoadMethodAttributes ()
0x000001ac0ed08e15 (Mono JIT Code) (wrapper runtime-invoke) object:runtime_invoke_void (object,intptr,intptr,intptr)
0x00007fffdd2f4b7e (mono-2.0-bdwgc) mono_jit_runtime_invoke (at C:/build/output/Unity-Technologies/mono/mono/mini/mini-runtime.c:3445)
0x00007fffdd22d204 (mono-2.0-bdwgc) do_runtime_invoke (at C:/build/output/Unity-Technologies/mono/mono/metadata/object.c:3068)
0x00007fffdd22d37c (mono-2.0-bdwgc) mono_runtime_invoke (at C:/build/output/Unity-Technologies/mono/mono/metadata/object.c:3115)
0x00007ff7cacd3bf4 (Unity) scripting_method_invoke
0x00007ff7cacb1ae4 (Unity) ScriptingInvocation::Invoke
0x00007ff7cacac6f5 (Unity) ScriptingInvocation::Invoke<void>
0x00007ff7cadfd41b (Unity) Scripting::UnityEditor::EditorAssembliesProxy::ProcessInitializeOnLoadMethodAttributes
0x00007ff7caca67eb (Unity) MonoManager::SetupLoadedEditorAssemblies
0x00007ff7cac9c499 (Unity) MonoManager::FinalizeReload
0x00007ff7cc08bfba (Unity) ScriptingInitializer::FinalizeReload
0x00007ff7cbc398db (Unity) LoadUserAssemblies
0x00007ff7cc138095 (Unity) <lambda_9fd93ece4936691877e09073f9324843>::operator()
0x00007ff7cc1735e2 (Unity) asio::detail::completion_handler<core::mutable_function<void __cdecl(void)>,asio::io_context::basic_executor_type<std::allocator<void>,0> >::do_complete
0x00007ff7cc15f58e (Unity) asio::detail::win_iocp_io_context::do_one
0x00007ff7cc1611f4 (Unity) asio::detail::win_iocp_io_context::run
0x00007ff7cc17198c (Unity) IOService::Run
0x00007ff7cc1454ef (Unity) AssetImportWorkerClient::Run
0x00007ff7cc110427 (Unity) RunAssetImportWorkerClientV2
0x00007ff7cc1104ab (Unity) RunAssetImporterV2
0x00007ff7cb913c1d (Unity) Application::InitializeProject
0x00007ff7cbd9cc85 (Unity) WinMain
0x00007ff7cd17d38e (Unity) __scrt_common_main_seh
0x00007ff81b877344 (KERNEL32) BaseThreadInitThunk
0x00007ff81d8226b1 (ntdll) RtlUserThreadStart

Mono: successfully reloaded assembly
- Finished resetting the current domain, in  1.535 seconds
Domain Reload Profiling: 2338ms
	BeginReloadAssembly (216ms)
		ExecutionOrderSort (0ms)
		DisableScriptedObjects (9ms)
		BackupInstance (0ms)
		ReleaseScriptingObjects (0ms)
		CreateAndSetChildDomain (46ms)
	RebuildCommonClasses (42ms)
	RebuildNativeTypeToScriptingClass (14ms)
	initialDomainReloadingComplete (103ms)
	LoadAllAssembliesAndSetupDomain (427ms)
		LoadAssemblies (526ms)
		RebuildTransferFunctionScriptingTraits (0ms)
		AnalyzeDomain (22ms)
			TypeCache.Refresh (10ms)
				TypeCache.ScanAssembly (0ms)
			ScanForSourceGeneratedMonoScriptInfo (0ms)
			ResolveRequiredComponents (9ms)
	FinalizeReload (1536ms)
		ReleaseScriptCaches (0ms)
		RebuildScriptCaches (0ms)
		SetupLoadedEditorAssemblies (554ms)
			LogAssemblyErrors (0ms)
			InitializePlatformSupportModulesInManaged (6ms)
			SetLoadedEditorAssemblies (6ms)
			RefreshPlugins (0ms)
			BeforeProcessingInitializeOnLoad (90ms)
			ProcessInitializeOnLoadAttributes (365ms)
			ProcessInitializeOnLoadMethodAttributes (67ms)
			AfterProcessingInitializeOnLoad (20ms)
			EditorAssembliesLoaded (0ms)
		ExecutionOrderSort2 (0ms)
		AwakeInstancesAfterBackupRestoration (15ms)
Refreshing native plugins compatible for Editor in 42.42 ms, found 4 plugins.
Preloading 1 native plugins for Editor in 0.15 ms.
Unloading 3308 Unused Serialized files (Serialized files now loaded: 0)
Unloading 74 unused Assets / (96.5 KB). Loaded Objects now: 3820.
Memory consumption went from 155.3 MB to 155.2 MB.
Total: 4.558300 ms (FindLiveObjects: 0.379400 ms CreateObjectMapping: 0.356300 ms MarkObjects: 3.575500 ms  DeleteObjects: 0.245600 ms)

Prepare: number of updated asset objects reloaded= 0
AssetImportParameters requested are different than current active one (requested -> active):
  custom:container-demuxer-ogg: 62fdf1f143b41e24485cea50d1cbac27 -> 
  custom:video-codec-MediaFoundation-h265: 746d11721c4dcdbdad8f713fa42b33f4 -> 
  custom:video-decoder-ogg-theora: a1e56fd34408186e4bbccfd4996cb3dc -> 
  custom:framework-win-MediaFoundation: 216162199b28c13a410421893ffa2e32 -> 
  custom:CustomObjectIndexerAttribute: 6d391050e5a25f67b0a2c618074f2cd9 -> 
  custom:container-demuxer-webm: 4f35f7cbe854078d1ac9338744f61a02 -> 
  custom:container-muxer-webm: aa71ff27fc2769a1b78a27578f13a17b -> 
  custom:video-decoder-webm-vp8: 9c59270c3fd7afecdb556c50c9e8de78 -> 
  custom:SearchIndexIgnoredProperties: e643bd26f0fe6173181afceb89e7c659 -> 
  custom:AudioImporter_EditorPlatform: d09bf68614088b80899f8185d706f6e7 -> 
  custom:video-encoder-webm-vp8: eb34c28f22e8b96e1ab97ce403110664 -> 
  custom:audio-decoder-ogg-vorbis: bf7c407c2cedff20999df2af8eb42d56 -> 
  custom:audio-encoder-webm-vorbis: bf7c407c2cedff20999df2af8eb42d56 -> 
